[35m[1mScanning dependencies of target IOROS[0m
[35m[1mScanning dependencies of target STM32_Node[0m
[  0%] Built target rosgraph_msgs_generate_messages_eus
[  0%] Built target geometry_msgs_generate_messages_eus
[  0%] Built target unitree_legged_msgs_generate_messages_lisp
[  8%] [32mBuilding CXX object CMakeFiles/IOROS.dir/src/IOROS_main.cpp.o[0m
[  8%] Built target unitree_legged_msgs_generate_messages_cpp
[ 16%] Built target rosgraph_msgs_generate_messages_cpp
[ 16%] [32mBuilding CXX object CMakeFiles/STM32_Node.dir/src/stm32_communication.cpp.o[0m
[ 16%] Built target roscpp_generate_messages_nodejs
[ 25%] [32mBuilding CXX object CMakeFiles/IOROS.dir/src/IOROS.cpp.o[0m
[ 33%] [32mBuilding CXX object CMakeFiles/STM32_Node.dir/src/UnitreeDriver.cpp.o[0m
[ 33%] Built target std_msgs_generate_messages_eus
[ 33%] Built target unitree_legged_msgs_generate_messages_nodejs
[ 33%] Built target geometry_msgs_generate_messages_lisp
[ 33%] Built target geometry_msgs_generate_messages_cpp
[ 33%] Built target sensor_msgs_generate_messages_py
[ 33%] Built target roscpp_generate_messages_eus
[ 33%] Built target geometry_msgs_generate_messages_nodejs
[ 33%] Built target geometry_msgs_generate_messages_py
[ 33%] Built target sensor_msgs_generate_messages_lisp
[ 33%] Built target sensor_msgs_generate_messages_nodejs
[ 33%] Built target roscpp_generate_messages_py
[ 33%] Built target roscpp_generate_messages_cpp
[ 33%] Built target sensor_msgs_generate_messages_eus
[ 33%] Built target rosgraph_msgs_generate_messages_lisp
[ 33%] Built target rosgraph_msgs_generate_messages_py
[ 33%] Built target std_msgs_generate_messages_lisp
[ 33%] Built target roscpp_generate_messages_lisp
[ 33%] Built target unitree_legged_msgs_generate_messages_eus
[ 33%] Built target rosgraph_msgs_generate_messages_nodejs
[ 33%] Built target std_msgs_generate_messages_cpp
[ 33%] Built target std_msgs_generate_messages_py
[ 33%] Built target unitree_legged_msgs_generate_messages_py
[35m[1mScanning dependencies of target imu_communication[0m
[ 33%] Built target std_msgs_generate_messages_nodejs
[ 33%] Built target sensor_msgs_generate_messages_cpp
[ 41%] [32mBuilding CXX object CMakeFiles/imu_communication.dir/src/imu_communication.cpp.o[0m
[35m[1mScanning dependencies of target motor_communication[0m
[35m[1mScanning dependencies of target dogstandup[0m
[ 50%] [32mBuilding CXX object CMakeFiles/motor_communication.dir/src/motor_communication.cpp.o[0m
[ 58%] [32mBuilding CXX object CMakeFiles/dogstandup.dir/src/standup.cpp.o[0m
[ 66%] [32m[1mLinking CXX executable /home/mzx/Desktop/quad_ruped_ws/quadruped_robot_2023/devel/.private/hardware_ctrl/lib/hardware_ctrl/imu_communication[0m
[ 66%] Built target imu_communication
[ 75%] [32m[1mLinking CXX executable /home/mzx/Desktop/quad_ruped_ws/quadruped_robot_2023/devel/.private/hardware_ctrl/lib/hardware_ctrl/STM32_Node[0m
[ 75%] Built target STM32_Node
[ 83%] [32m[1mLinking CXX executable /home/mzx/Desktop/quad_ruped_ws/quadruped_robot_2023/devel/.private/hardware_ctrl/lib/hardware_ctrl/dogstandup[0m
[ 91%] [32m[1mLinking CXX executable /home/mzx/Desktop/quad_ruped_ws/quadruped_robot_2023/devel/.private/hardware_ctrl/lib/hardware_ctrl/IOROS[0m
[100%] [32m[1mLinking CXX executable /home/mzx/Desktop/quad_ruped_ws/quadruped_robot_2023/devel/.private/hardware_ctrl/lib/hardware_ctrl/motor_communication[0m
[100%] Built target dogstandup
[100%] Built target motor_communication
[100%] Built target IOROS
