[  0%] Built target geometry_msgs_generate_messages_eus
[  0%] Built target unitree_legged_msgs_generate_messages_lisp
[ 25%] Built target STM32_Node
[ 50%] Built target IOROS
[ 50%] Built target unitree_legged_msgs_generate_messages_cpp
[ 50%] Built target rosgraph_msgs_generate_messages_eus
[ 50%] Built target rosgraph_msgs_generate_messages_cpp
[ 50%] Built target roscpp_generate_messages_nodejs
[ 50%] Built target std_msgs_generate_messages_eus
[ 50%] Built target geometry_msgs_generate_messages_lisp
[ 50%] Built target unitree_legged_msgs_generate_messages_nodejs
[ 50%] Built target geometry_msgs_generate_messages_cpp
[ 50%] Built target geometry_msgs_generate_messages_nodejs
[ 50%] Built target roscpp_generate_messages_eus
[ 50%] Built target sensor_msgs_generate_messages_py
[ 50%] Built target geometry_msgs_generate_messages_py
[ 50%] Built target sensor_msgs_generate_messages_nodejs
[ 50%] Built target sensor_msgs_generate_messages_lisp
[ 50%] Built target roscpp_generate_messages_py
[ 50%] Built target roscpp_generate_messages_cpp
[ 50%] Built target sensor_msgs_generate_messages_eus
[ 50%] Built target rosgraph_msgs_generate_messages_py
[ 50%] Built target rosgraph_msgs_generate_messages_lisp
[ 50%] Built target unitree_legged_msgs_generate_messages_eus
[ 50%] Built target std_msgs_generate_messages_lisp
[ 50%] Built target roscpp_generate_messages_lisp
[ 50%] Built target rosgraph_msgs_generate_messages_nodejs
[ 50%] Built target std_msgs_generate_messages_cpp
[ 50%] Built target unitree_legged_msgs_generate_messages_py
[ 50%] Built target std_msgs_generate_messages_py
[ 50%] Built target sensor_msgs_generate_messages_cpp
[ 50%] Built target std_msgs_generate_messages_nodejs
[ 66%] Built target imu_communication
[ 83%] Built target dogstandup
[100%] Built target motor_communication
